*/


package VTransformer;

import java.io.FileInputStream;
import java.io.FileNotFoundException;
import java.io.InputStream;
import java.io.PrintStream;

public class Main
{  
  /** Accept the visitor. **/
  public Object jjtAccept(JavaParserVisitor visitor, Object data) {
    return visitor.visit(this, data);
  }

  public static void main(String args[]) throws FileNotFoundException {
	  InputStream is = System.in;
	  PrintStream os = System.out;
	  PrintStream es = System.err;
	  if (args != null) {
		  if (args.length == 3) {
			  is = new FileInputStream(args[0]);
			  os = new PrintStream(args[1]);
			  es = new PrintStream(args[2]);
		  }
	  }
    System.err.println("Reading from standard input...");
    JavaParser p = new JavaParser(is);
    try {
      ASTCompilationUnit cu = p.CompilationUnit();
      JavaParserVisitor visitor = new AddAcceptVisitor(os);
      cu.jjtAccept(visitor, null);
      es.println("Thank you.");
    } catch (Exception e) {
    	es.println("Oops.");
    	es.println(e.getMessage());
      e.printStackTrace();
    }
  }
}
